
Total files targeted: 90
Years: 1995-2024
Coverage: global extent (-180..180, -90..90), no crop
[1/90] Resolving metadata: tidesmean 1995
[1/90] Downloading: geoclaw_obsclim_historical_flddph_tidesmean_30arcsec_1995.nc
[1/90] Done: geoclaw_obsclim_historical_flddph_tidesmean_30arcsec_1995.nc
[2/90] Resolving metadata: tidesmean 1996
[2/90] Downloading: geoclaw_obsclim_historical_flddph_tidesmean_30arcsec_1996.nc
[2/90] Done: geoclaw_obsclim_historical_flddph_tidesmean_30arcsec_1996.nc
[3/90] Resolving metadata: tidesmean 1997
[3/90] Downloading: geoclaw_obsclim_historical_flddph_tidesmean_30arcsec_1997.nc
[3/90] Done: geoclaw_obsclim_historical_flddph_tidesmean_30arcsec_1997.nc
[4/90] Resolving metadata: tidesmean 1998
[4/90] Downloading: geoclaw_obsclim_historical_flddph_tidesmean_30arcsec_1998.nc
[4/90] Done: geoclaw_obsclim_historical_flddph_tidesmean_30arcsec_1998.nc
[5/90] Resolving metadata: tidesmean 1999
[5/90] Downloading: geoclaw_obsclim_historical_flddph_tidesmean_30arcsec_1999.nc
[5/90] Done: geoclaw_obsclim_historical_flddph_tidesmean_30arcsec_1999.nc
[6/90] Resolving metadata: tidesmean 2000
[6/90] Downloading: geoclaw_obsclim_historical_flddph_tidesmean_30arcsec_2000.nc
[6/90] Done: geoclaw_obsclim_historical_flddph_tidesmean_30arcsec_2000.nc
[7/90] Resolving metadata: tidesmean 2001
[7/90] Downloading: geoclaw_obsclim_historical_flddph_tidesmean_30arcsec_2001.nc
[7/90] Done: geoclaw_obsclim_historical_flddph_tidesmean_30arcsec_2001.nc
[8/90] Resolving metadata: tidesmean 2002
[8/90] Downloading: geoclaw_obsclim_historical_flddph_tidesmean_30arcsec_2002.nc
[8/90] Done: geoclaw_obsclim_historical_flddph_tidesmean_30arcsec_2002.nc
[9/90] Resolving metadata: tidesmean 2003
[9/90] Downloading: geoclaw_obsclim_historical_flddph_tidesmean_30arcsec_2003.nc
[9/90] Done: geoclaw_obsclim_historical_flddph_tidesmean_30arcsec_2003.nc
[10/90] Resolving metadata: tidesmean 2004
[10/90] Downloading: geoclaw_obsclim_historical_flddph_tidesmean_30arcsec_2004.nc
[10/90] Done: geoclaw_obsclim_historical_flddph_tidesmean_30arcsec_2004.nc
[11/90] Resolving metadata: tidesmean 2005
[11/90] Downloading: geoclaw_obsclim_historical_flddph_tidesmean_30arcsec_2005.nc
[11/90] Done: geoclaw_obsclim_historical_flddph_tidesmean_30arcsec_2005.nc
[12/90] Resolving metadata: tidesmean 2006
[12/90] Downloading: geoclaw_obsclim_historical_flddph_tidesmean_30arcsec_2006.nc
[12/90] Done: geoclaw_obsclim_historical_flddph_tidesmean_30arcsec_2006.nc
[13/90] Resolving metadata: tidesmean 2007
[13/90] Downloading: geoclaw_obsclim_historical_flddph_tidesmean_30arcsec_2007.nc
[13/90] Done: geoclaw_obsclim_historical_flddph_tidesmean_30arcsec_2007.nc
[14/90] Resolving metadata: tidesmean 2008
[14/90] Downloading: geoclaw_obsclim_historical_flddph_tidesmean_30arcsec_2008.nc
